\BOOKMARK [0][-]{titulo.0}{P\341gina de T\355tulo}{}% 1
\BOOKMARK [0][-]{dedicatoria.0}{Dedicatoria}{}% 2
\BOOKMARK [0][-]{chapter*.1}{Agradecimientos}{}% 3
\BOOKMARK [0][-]{chapter*.2}{Resumen}{}% 4
\BOOKMARK [0][-]{chapter*.3}{Abstract}{}% 5
\BOOKMARK [0][-]{indices.0}{\315ndices}{}% 6
\BOOKMARK [1][-]{tabla de contenidos.1}{Tabla de contenidos}{indices.0}% 7
\BOOKMARK [1][-]{indice de figuras.1}{\315ndice de figuras}{indices.0}% 8
\BOOKMARK [1][-]{indice de tablas.1}{\315ndice de tablas}{indices.0}% 9
\BOOKMARK [0][-]{chapter.1}{Introducci\363n}{}% 10
\BOOKMARK [1][-]{section.1.1}{Introducci\363n}{chapter.1}% 11
\BOOKMARK [1][-]{section.1.1}{Notas bibliogr\341ficas}{chapter.1}% 12
\BOOKMARK [1][-]{section.1.1}{En el pr\363ximo cap\355tulo}{chapter.1}% 13
\BOOKMARK [0][-]{chapter.2}{Trabajo Relacionado}{}% 14
\BOOKMARK [1][-]{section.2.1}{Generador de historias}{chapter.2}% 15
\BOOKMARK [1][-]{section.2.2}{Multiagentes}{chapter.2}% 16
\BOOKMARK [1][-]{section.2.3}{Planificadores}{chapter.2}% 17
\BOOKMARK [0][-]{chapter.3}{Objetivos del trabajo}{}% 18
\BOOKMARK [1][-]{section.3.1}{Automatizaci\363n}{chapter.3}% 19
\BOOKMARK [0][-]{chapter.4}{Mapa}{}% 20
\BOOKMARK [1][-]{section.4.1}{Un nuevo mapa}{chapter.4}% 21
\BOOKMARK [1][-]{section.4.2}{El mapa real}{chapter.4}% 22
\BOOKMARK [0][-]{chapter.5}{Multiobjetivo}{}% 23
\BOOKMARK [1][-]{section.5.1}{Nada es lo que parece}{chapter.5}% 24
\BOOKMARK [1][-]{section.5.2}{La figura del villano}{chapter.5}% 25
\BOOKMARK [1][-]{section.5.3}{Empezando desde cero}{chapter.5}% 26
\BOOKMARK [1][-]{section.5.4}{Ahora que ya estamos donde queremos}{chapter.5}% 27
\BOOKMARK [0][-]{chapter.6}{Personajes}{}% 28
\BOOKMARK [1][-]{section.6.1}{El concepto de clase}{chapter.6}% 29
\BOOKMARK [1][-]{section.6.2}{Creando nuevos personajes}{chapter.6}% 30
\BOOKMARK [1][-]{section.6.3}{Raza y atributos}{chapter.6}% 31
\BOOKMARK [1][-]{section.6.4}{Los PNJ \(Personaje No Jugador\)}{chapter.6}% 32
\BOOKMARK [0][-]{chapter.7}{Resultados}{}% 33
\BOOKMARK [1][-]{section.7.1}{Resultados}{chapter.7}% 34
\BOOKMARK [0][-]{chapter.8}{Conclusiones}{}% 35
\BOOKMARK [1][-]{section.8.1}{Conclusiones}{chapter.8}% 36
\BOOKMARK [0][-]{chapter.9}{Objetivos cumplidos}{}% 37
\BOOKMARK [1][-]{section.9.1}{Objetivos cumplidos}{chapter.9}% 38
\BOOKMARK [0][-]{chapter.10}{Trabajo Futuro}{}% 39
\BOOKMARK [1][-]{section.10.1}{Trabajo futuro}{chapter.10}% 40
\BOOKMARK [-1][-]{part.1}{I Ap\351ndices}{}% 41
\BOOKMARK [0][-]{appendix.Alph1}{As\355 se hizo...}{part.1}% 42
\BOOKMARK [1][-]{section.Alph1.1}{Introducci\363n}{appendix.Alph1}% 43
\BOOKMARK [-1][-]{appendix*.7}{Bibliograf\355a}{}% 44
\BOOKMARK [-1][-]{fin.-1}{Fin}{}% 45
